<?xml version="1.0" encoding="UTF-8"?>
<!-- Generated by org.testng.reporters.JUnitReportReporter -->
<testsuite hostname="DESKTOP-80G0JOB" failures="0" tests="1" name="JavaPractice.JavaPractice.RevreseString" time="0.016" errors="0" timestamp="2024-11-10T16:06:14 IST" skipped="0">
  <testcase classname="JavaPractice.JavaPractice.RevreseString" name="RevreseString1" time="0.016"/>
  <system-out/>
</testsuite> <!-- JavaPractice.JavaPractice.RevreseString -->
